<?xml version="1.0" encoding="UTF-8"?>
<!-- Generated by org.testng.reporters.JUnitXMLReporter -->
<testsuite ignored="0" hostname="LT0184680" failures="1" tests="1" name="LoginDDTTest" time="0.059" errors="0" timestamp="2024-08-23T17:20:38 IST">
  <testcase classname="testBase.baseCases" name="@BeforeClass setup" time="-1.724413838433E9">
    <failure type="org.testng.TestNGException" message="
Method setup requires 2 parameters but 1 were supplied in the BeforeClass annotation.">
      <![CDATA[org.testng.TestNGException: 
Method setup requires 2 parameters but 1 were supplied in the BeforeClass annotation.
at java.base/java.util.ArrayList.forEach(ArrayList.java:1511)
... Removed 22 stack frames]]>
    </failure>
  </testcase> <!-- @BeforeClass setup -->
  <testcase classname="testBase.baseCases" name="@AfterClass teardown" time="0.0">
    <skipped/>
  </testcase> <!-- @AfterClass teardown -->
  <testcase classname="testCases.TC_003_LoginDDT" name="LoginDDT" time="0.0">
    <failure type="org.testng.TestNGException" message="
Couldn&amp;apos;t find a constructor in class utilities.DataProviders">
      <![CDATA[org.testng.TestNGException: 
Couldn't find a constructor in class utilities.DataProviders
at java.base/java.util.ArrayList.forEach(ArrayList.java:1511)
... Removed 30 stack frames]]>
    </failure>
  </testcase> <!-- LoginDDT -->
</testsuite> <!-- LoginDDTTest -->
